<?xml version="1.0" encoding="UTF-8"?>
<testsuite name="SecretDiaryTest" tests="2" skipped="0" failures="0" errors="0" timestamp="2021-08-25T17:08:06" hostname="MacBook-Air-de-Sara.local" time="0.035">
  <properties/>
  <testcase name="refusesToReadWhenLocked()" classname="SecretDiaryTest" time="0.031"/>
  <testcase name="readsWhenUnlocked()" classname="SecretDiaryTest" time="0.003"/>
  <system-out><![CDATA[]]></system-out>
  <system-err><![CDATA[]]></system-err>
</testsuite>
